<?xml version="1.0" encoding="UTF-8"?>
<!-- Generated by org.testng.reporters.JUnitReportReporter -->
<testsuite hostname="Yutaka" name="com.sqa.ao.selenium.intro.BasicDriverRun" tests="1" failures="0" timestamp="22 Oct 2015 03:52:27 GMT" time="0.007" errors="0">
  <testcase name="f" time="0.007" classname="com.sqa.ao.selenium.intro.BasicDriverRun"/>
</testsuite> <!-- com.sqa.ao.selenium.intro.BasicDriverRun -->
