<?xml version="1.0" encoding="UTF-8"?>
<!-- Generated by org.testng.reporters.JUnitReportReporter -->
<testsuite hostname="Yutaka" name="com.sqa.ao.selenium.intro.BasicDriverRun" tests="1" failures="0" timestamp="22 Oct 2015 04:47:47 GMT" time="18.579" errors="0">
  <testcase name="login" time="18.579" classname="com.sqa.ao.selenium.intro.BasicDriverRun"/>
</testsuite> <!-- com.sqa.ao.selenium.intro.BasicDriverRun -->
